<?xml version="1.0" encoding="utf-8"?><testsuites name="pytest tests"><testsuite name="pytest" errors="0" failures="0" skipped="0" tests="14" time="1.279" timestamp="2026-04-27T21:11:16.104404+00:00" hostname="agent-env-0e02c7d4-691b-48b8-88b1-7734e66760d2"><testcase classname="backend.tests.test_scores_api.TestHealth" name="test_root" time="0.146" /><testcase classname="backend.tests.test_scores_api.TestSubmitScore" name="test_submit_valid_score" time="0.055" /><testcase classname="backend.tests.test_scores_api.TestSubmitScore" name="test_pilot_uppercased_and_truncated_to_24" time="0.055" /><testcase classname="backend.tests.test_scores_api.TestSubmitScore" name="test_pilot_trimmed_whitespace" time="0.056" /><testcase classname="backend.tests.test_scores_api.TestSubmitScore" name="test_reject_empty_pilot" time="0.050" /><testcase classname="backend.tests.test_scores_api.TestSubmitScore" name="test_reject_whitespace_only_pilot" time="0.052" /><testcase classname="backend.tests.test_scores_api.TestSubmitScore" name="test_reject_negative_score" time="0.052" /><testcase classname="backend.tests.test_scores_api.TestSubmitScore" name="test_reject_negative_wave" time="0.060" /><testcase classname="backend.tests.test_scores_api.TestGetScores" name="test_get_returns_top_sorted_desc" time="0.205" /><testcase classname="backend.tests.test_scores_api.TestGetScores" name="test_get_default_limit_10" time="0.048" /><testcase classname="backend.tests.test_scores_api.TestGetScores" name="test_get_limit_param_respected" time="0.055" /><testcase classname="backend.tests.test_scores_api.TestGetScores" name="test_get_limit_clamped_high" time="0.050" /><testcase classname="backend.tests.test_scores_api.TestGetScores" name="test_get_limit_clamped_low" time="0.052" /><testcase classname="backend.tests.test_scores_api.TestGetScores" name="test_create_then_get_persistence" time="0.122" /></testsuite></testsuites>